<?xml version="1.0" encoding="UTF-8"?>
<!-- Generated by org.testng.reporters.JUnitReportReporter -->
<testsuite hostname="OZL9804W" failures="0" tests="1" name="TestExample.RestAssuredForPost" time="1.453" errors="0" timestamp="2024-06-23T17:36:26 IST" skipped="0">
  <testcase classname="TestExample.RestAssuredForPost" name="verifyPutCall" time="1.453"/>
  <system-out/>
</testsuite> <!-- TestExample.RestAssuredForPost -->
