<?xml version="1.0" encoding="UTF-8"?>
<!-- Generated by org.testng.reporters.JUnitReportReporter -->
<testsuite hostname="OZL9804W" failures="0" tests="3" name="TestExample.RestAssuredExample3" time="1.676" errors="0" timestamp="2024-06-23T09:48:33 IST" skipped="0">
  <testcase classname="TestExample.RestAssuredExample3" name="createGet" time="0.182"/>
  <system-out/>
  <testcase classname="TestExample.RestAssuredExample3" name="createGetCall2" time="0.186"/>
  <system-out/>
  <testcase classname="TestExample.RestAssuredExample3" name="createAdditionalgetCall" time="1.308"/>
  <system-out/>
</testsuite> <!-- TestExample.RestAssuredExample3 -->
