<?xml version="1.0" encoding="UTF-8"?>
<!-- Generated by org.testng.reporters.JUnitReportReporter -->
<testsuite hostname="OZL9804W" failures="0" tests="1" name="TestExample.RestAssured4" time="1.252" errors="0" timestamp="2024-06-23T16:09:09 IST" skipped="0">
  <testcase classname="TestExample.RestAssured4" name="verifyGetCall3" time="1.252"/>
  <system-out/>
</testsuite> <!-- TestExample.RestAssured4 -->
