<?xml version="1.0" encoding="UTF-8"?>
<!-- Generated by org.testng.reporters.JUnitReportReporter -->
<testsuite hostname="OZL9804W" failures="0" tests="1" name="TestExample.TestExamples" time="1.168" errors="0" timestamp="2024-06-22T22:03:02 IST" skipped="0">
  <testcase classname="TestExample.TestExamples" name="test1" time="1.168"/>
  <system-out/>
</testsuite> <!-- TestExample.TestExamples -->
